2026-06-24 01:25:09,911 INFO factor_autoresearch.evaluate run=toolchain_v0_directional_ratio_smoke candidate=- stage=batch starting evaluation batch
2026-06-24 01:25:09,912 INFO factor_autoresearch.evaluate run=toolchain_v0_directional_ratio_smoke candidate=fa_0001_range_position stage=candidate evaluating candidate
2026-06-24 01:25:18,897 INFO factor_autoresearch.evaluate run=toolchain_v0_directional_ratio_smoke candidate=fa_0002_intraday_return stage=candidate evaluating candidate
2026-06-24 01:25:27,261 INFO factor_autoresearch.evaluate run=toolchain_v0_directional_ratio_smoke candidate=fa_0003_upper_shadow_pressure stage=candidate evaluating candidate
2026-06-24 01:25:35,643 INFO factor_autoresearch.evaluate run=toolchain_v0_directional_ratio_smoke candidate=fa_0004_lower_shadow_support stage=candidate evaluating candidate
2026-06-24 01:25:43,930 INFO factor_autoresearch.evaluate run=toolchain_v0_directional_ratio_smoke candidate=fa_0005_daily_range stage=candidate evaluating candidate
2026-06-24 01:25:52,274 INFO factor_autoresearch.evaluate run=toolchain_v0_directional_ratio_smoke candidate=fa_0006_open_gap_strength stage=candidate evaluating candidate
2026-06-24 01:26:00,759 INFO factor_autoresearch.evaluate run=toolchain_v0_directional_ratio_smoke candidate=fa_0007_open_gap_reversal stage=candidate evaluating candidate
2026-06-24 01:26:10,684 INFO factor_autoresearch.evaluate run=toolchain_v0_directional_ratio_smoke candidate=fa_0008_volume_change_3d stage=candidate evaluating candidate
2026-06-24 01:26:21,417 INFO factor_autoresearch.evaluate run=toolchain_v0_directional_ratio_smoke candidate=fa_0009_volume_change_5d stage=candidate evaluating candidate
2026-06-24 01:26:30,134 INFO factor_autoresearch.evaluate run=toolchain_v0_directional_ratio_smoke candidate=fa_0010_volume_volatility stage=candidate evaluating candidate
2026-06-24 01:26:39,004 INFO factor_autoresearch.evaluate run=toolchain_v0_directional_ratio_smoke candidate=fa_0011_log_volume stage=candidate evaluating candidate
2026-06-24 01:26:47,553 INFO factor_autoresearch.evaluate run=toolchain_v0_directional_ratio_smoke candidate=fa_0012_short_vs_long_volume stage=candidate evaluating candidate
2026-06-24 01:26:56,165 INFO factor_autoresearch.evaluate run=toolchain_v0_directional_ratio_smoke candidate=fa_0013_close_mom_3d stage=candidate evaluating candidate
2026-06-24 01:27:04,421 INFO factor_autoresearch.evaluate run=toolchain_v0_directional_ratio_smoke candidate=fa_0014_close_mom_5d stage=candidate evaluating candidate
2026-06-24 01:27:12,838 INFO factor_autoresearch.evaluate run=toolchain_v0_directional_ratio_smoke candidate=fa_0015_cross_sectional_mom_5d stage=candidate evaluating candidate
2026-06-24 01:27:21,208 INFO factor_autoresearch.evaluate run=toolchain_v0_directional_ratio_smoke candidate=fa_0016_time_rank_mom stage=candidate evaluating candidate
2026-06-24 01:28:00,533 INFO factor_autoresearch.evaluate run=toolchain_v0_directional_ratio_smoke candidate=fa_0017_mean_daily_return_5d stage=candidate evaluating candidate
2026-06-24 01:28:08,886 INFO factor_autoresearch.evaluate run=toolchain_v0_directional_ratio_smoke candidate=fa_0018_mean_daily_return_10d stage=candidate evaluating candidate
2026-06-24 01:28:17,387 INFO factor_autoresearch.evaluate run=toolchain_v0_directional_ratio_smoke candidate=fa_0019_reversal_3d stage=candidate evaluating candidate
2026-06-24 01:28:25,710 INFO factor_autoresearch.evaluate run=toolchain_v0_directional_ratio_smoke candidate=fa_0020_reversal_5d stage=candidate evaluating candidate
2026-06-24 01:28:34,114 INFO factor_autoresearch.evaluate run=toolchain_v0_directional_ratio_smoke candidate=fa_0021_daily_vol_5d stage=candidate evaluating candidate
2026-06-24 01:28:42,676 INFO factor_autoresearch.evaluate run=toolchain_v0_directional_ratio_smoke candidate=fa_0022_daily_vol_10d stage=candidate evaluating candidate
2026-06-24 01:28:51,323 INFO factor_autoresearch.evaluate run=toolchain_v0_directional_ratio_smoke candidate=fa_0023_range_vol_5d stage=candidate evaluating candidate
2026-06-24 01:28:59,866 INFO factor_autoresearch.evaluate run=toolchain_v0_directional_ratio_smoke candidate=fa_0024_range_mean_5d stage=candidate evaluating candidate
2026-06-24 01:29:08,213 INFO factor_autoresearch.evaluate run=toolchain_v0_directional_ratio_smoke candidate=fa_0025_gap_mean_5d stage=candidate evaluating candidate
2026-06-24 01:29:16,713 INFO factor_autoresearch.evaluate run=toolchain_v0_directional_ratio_smoke candidate=fa_0026_gap_vol_5d stage=candidate evaluating candidate
2026-06-24 01:29:25,289 INFO factor_autoresearch.evaluate run=toolchain_v0_directional_ratio_smoke candidate=fa_0027_body_over_range stage=candidate evaluating candidate
2026-06-24 01:29:33,754 INFO factor_autoresearch.evaluate run=toolchain_v0_directional_ratio_smoke candidate=fa_0028_open_position_in_range stage=candidate evaluating candidate
2026-06-24 01:29:42,186 INFO factor_autoresearch.evaluate run=toolchain_v0_directional_ratio_smoke candidate=fa_0029_volume_vs_20d_mean stage=candidate evaluating candidate
2026-06-24 01:29:50,890 INFO factor_autoresearch.evaluate run=toolchain_v0_directional_ratio_smoke candidate=fa_0030_volume_rank_minus_price_rank stage=candidate evaluating candidate
2026-06-24 01:31:01,854 INFO factor_autoresearch.evaluate run=toolchain_v0_directional_ratio_smoke candidate=- stage=batch evaluation batch completed
