2026-06-23 23:26:28,950 INFO factor_autoresearch.evaluate run=toolchain_v0_smoke candidate=- stage=batch starting evaluation batch
2026-06-23 23:26:28,951 INFO factor_autoresearch.evaluate run=toolchain_v0_smoke candidate=fa_0001_range_position stage=candidate evaluating candidate
2026-06-23 23:27:12,398 INFO factor_autoresearch.evaluate run=toolchain_v0_smoke candidate=fa_0002_intraday_return stage=candidate evaluating candidate
2026-06-23 23:27:55,296 INFO factor_autoresearch.evaluate run=toolchain_v0_smoke candidate=fa_0003_upper_shadow_pressure stage=candidate evaluating candidate
2026-06-23 23:28:38,094 INFO factor_autoresearch.evaluate run=toolchain_v0_smoke candidate=fa_0004_lower_shadow_support stage=candidate evaluating candidate
2026-06-23 23:28:42,951 INFO factor_autoresearch.evaluate run=toolchain_v0_smoke candidate=- stage=batch starting evaluation batch
2026-06-23 23:28:42,951 INFO factor_autoresearch.evaluate run=toolchain_v0_smoke candidate=fa_0001_range_position stage=candidate evaluating candidate
2026-06-23 23:29:23,091 INFO factor_autoresearch.evaluate run=toolchain_v0_smoke candidate=fa_0005_daily_range stage=candidate evaluating candidate
2026-06-23 23:29:28,692 INFO factor_autoresearch.evaluate run=toolchain_v0_smoke candidate=fa_0002_intraday_return stage=candidate evaluating candidate
2026-06-23 23:30:08,209 INFO factor_autoresearch.evaluate run=toolchain_v0_smoke candidate=fa_0006_open_gap_strength stage=candidate evaluating candidate
2026-06-23 23:30:13,678 INFO factor_autoresearch.evaluate run=toolchain_v0_smoke candidate=fa_0003_upper_shadow_pressure stage=candidate evaluating candidate
2026-06-23 23:30:53,707 INFO factor_autoresearch.evaluate run=toolchain_v0_smoke candidate=fa_0007_open_gap_reversal stage=candidate evaluating candidate
2026-06-23 23:30:59,007 INFO factor_autoresearch.evaluate run=toolchain_v0_smoke candidate=fa_0004_lower_shadow_support stage=candidate evaluating candidate
2026-06-23 23:31:38,768 INFO factor_autoresearch.evaluate run=toolchain_v0_smoke candidate=fa_0008_volume_change_3d stage=candidate evaluating candidate
2026-06-23 23:31:44,570 INFO factor_autoresearch.evaluate run=toolchain_v0_smoke candidate=fa_0005_daily_range stage=candidate evaluating candidate
2026-06-23 23:32:23,247 INFO factor_autoresearch.evaluate run=toolchain_v0_smoke candidate=fa_0009_volume_change_5d stage=candidate evaluating candidate
2026-06-23 23:32:29,022 INFO factor_autoresearch.evaluate run=toolchain_v0_smoke candidate=fa_0006_open_gap_strength stage=candidate evaluating candidate
2026-06-23 23:33:05,959 INFO factor_autoresearch.evaluate run=toolchain_v0_smoke candidate=fa_0010_volume_volatility stage=candidate evaluating candidate
2026-06-23 23:33:12,027 INFO factor_autoresearch.evaluate run=toolchain_v0_smoke candidate=fa_0007_open_gap_reversal stage=candidate evaluating candidate
2026-06-23 23:33:50,017 INFO factor_autoresearch.evaluate run=toolchain_v0_smoke candidate=fa_0011_log_volume stage=candidate evaluating candidate
2026-06-23 23:33:55,590 INFO factor_autoresearch.evaluate run=toolchain_v0_smoke candidate=fa_0008_volume_change_3d stage=candidate evaluating candidate
2026-06-23 23:34:33,766 INFO factor_autoresearch.evaluate run=toolchain_v0_smoke candidate=fa_0012_short_vs_long_volume stage=candidate evaluating candidate
2026-06-23 23:34:39,394 INFO factor_autoresearch.evaluate run=toolchain_v0_smoke candidate=fa_0009_volume_change_5d stage=candidate evaluating candidate
2026-06-23 23:35:18,431 INFO factor_autoresearch.evaluate run=toolchain_v0_smoke candidate=fa_0013_close_mom_3d stage=candidate evaluating candidate
2026-06-23 23:35:23,673 INFO factor_autoresearch.evaluate run=toolchain_v0_smoke candidate=fa_0010_volume_volatility stage=candidate evaluating candidate
2026-06-23 23:36:03,164 INFO factor_autoresearch.evaluate run=toolchain_v0_smoke candidate=fa_0014_close_mom_5d stage=candidate evaluating candidate
2026-06-23 23:36:09,369 INFO factor_autoresearch.evaluate run=toolchain_v0_smoke candidate=fa_0011_log_volume stage=candidate evaluating candidate
2026-06-23 23:36:48,656 INFO factor_autoresearch.evaluate run=toolchain_v0_smoke candidate=fa_0015_cross_sectional_mom_5d stage=candidate evaluating candidate
2026-06-23 23:36:54,656 INFO factor_autoresearch.evaluate run=toolchain_v0_smoke candidate=fa_0012_short_vs_long_volume stage=candidate evaluating candidate
2026-06-23 23:37:34,131 INFO factor_autoresearch.evaluate run=toolchain_v0_smoke candidate=fa_0016_time_rank_mom stage=candidate evaluating candidate
2026-06-23 23:37:40,701 INFO factor_autoresearch.evaluate run=toolchain_v0_smoke candidate=fa_0013_close_mom_3d stage=candidate evaluating candidate
2026-06-23 23:38:30,022 INFO factor_autoresearch.evaluate run=toolchain_v0_smoke candidate=fa_0014_close_mom_5d stage=candidate evaluating candidate
2026-06-23 23:38:54,767 INFO factor_autoresearch.evaluate run=toolchain_v0_smoke candidate=fa_0017_mean_daily_return_5d stage=candidate evaluating candidate
2026-06-23 23:52:21,660 INFO factor_autoresearch.evaluate run=toolchain_v0_smoke candidate=- stage=batch starting evaluation batch
2026-06-23 23:52:21,661 INFO factor_autoresearch.evaluate run=toolchain_v0_smoke candidate=fa_0001_range_position stage=candidate evaluating candidate
2026-06-23 23:52:30,333 INFO factor_autoresearch.evaluate run=toolchain_v0_smoke candidate=fa_0002_intraday_return stage=candidate evaluating candidate
2026-06-23 23:52:38,610 INFO factor_autoresearch.evaluate run=toolchain_v0_smoke candidate=fa_0003_upper_shadow_pressure stage=candidate evaluating candidate
2026-06-23 23:52:46,782 INFO factor_autoresearch.evaluate run=toolchain_v0_smoke candidate=fa_0004_lower_shadow_support stage=candidate evaluating candidate
2026-06-23 23:52:54,988 INFO factor_autoresearch.evaluate run=toolchain_v0_smoke candidate=fa_0005_daily_range stage=candidate evaluating candidate
2026-06-23 23:53:03,051 INFO factor_autoresearch.evaluate run=toolchain_v0_smoke candidate=fa_0006_open_gap_strength stage=candidate evaluating candidate
2026-06-23 23:53:11,221 INFO factor_autoresearch.evaluate run=toolchain_v0_smoke candidate=fa_0007_open_gap_reversal stage=candidate evaluating candidate
2026-06-23 23:53:19,390 INFO factor_autoresearch.evaluate run=toolchain_v0_smoke candidate=fa_0008_volume_change_3d stage=candidate evaluating candidate
2026-06-23 23:53:27,578 INFO factor_autoresearch.evaluate run=toolchain_v0_smoke candidate=fa_0009_volume_change_5d stage=candidate evaluating candidate
2026-06-23 23:53:35,895 INFO factor_autoresearch.evaluate run=toolchain_v0_smoke candidate=fa_0010_volume_volatility stage=candidate evaluating candidate
2026-06-23 23:53:43,578 INFO factor_autoresearch.evaluate run=toolchain_v0_smoke candidate=fa_0011_log_volume stage=candidate evaluating candidate
2026-06-23 23:53:51,477 INFO factor_autoresearch.evaluate run=toolchain_v0_smoke candidate=fa_0012_short_vs_long_volume stage=candidate evaluating candidate
2026-06-23 23:53:59,993 INFO factor_autoresearch.evaluate run=toolchain_v0_smoke candidate=fa_0013_close_mom_3d stage=candidate evaluating candidate
2026-06-23 23:54:07,979 INFO factor_autoresearch.evaluate run=toolchain_v0_smoke candidate=fa_0014_close_mom_5d stage=candidate evaluating candidate
2026-06-23 23:54:16,044 INFO factor_autoresearch.evaluate run=toolchain_v0_smoke candidate=fa_0015_cross_sectional_mom_5d stage=candidate evaluating candidate
2026-06-23 23:54:24,156 INFO factor_autoresearch.evaluate run=toolchain_v0_smoke candidate=fa_0016_time_rank_mom stage=candidate evaluating candidate
2026-06-23 23:55:01,751 INFO factor_autoresearch.evaluate run=toolchain_v0_smoke candidate=fa_0017_mean_daily_return_5d stage=candidate evaluating candidate
2026-06-23 23:55:09,995 INFO factor_autoresearch.evaluate run=toolchain_v0_smoke candidate=fa_0018_mean_daily_return_10d stage=candidate evaluating candidate
2026-06-23 23:55:18,173 INFO factor_autoresearch.evaluate run=toolchain_v0_smoke candidate=fa_0019_reversal_3d stage=candidate evaluating candidate
2026-06-23 23:55:26,109 INFO factor_autoresearch.evaluate run=toolchain_v0_smoke candidate=fa_0020_reversal_5d stage=candidate evaluating candidate
2026-06-23 23:55:34,031 INFO factor_autoresearch.evaluate run=toolchain_v0_smoke candidate=fa_0021_daily_vol_5d stage=candidate evaluating candidate
2026-06-23 23:55:41,967 INFO factor_autoresearch.evaluate run=toolchain_v0_smoke candidate=fa_0022_daily_vol_10d stage=candidate evaluating candidate
2026-06-23 23:55:50,006 INFO factor_autoresearch.evaluate run=toolchain_v0_smoke candidate=fa_0023_range_vol_5d stage=candidate evaluating candidate
2026-06-23 23:55:57,913 INFO factor_autoresearch.evaluate run=toolchain_v0_smoke candidate=fa_0024_range_mean_5d stage=candidate evaluating candidate
2026-06-23 23:56:05,983 INFO factor_autoresearch.evaluate run=toolchain_v0_smoke candidate=fa_0025_gap_mean_5d stage=candidate evaluating candidate
2026-06-23 23:56:14,047 INFO factor_autoresearch.evaluate run=toolchain_v0_smoke candidate=fa_0026_gap_vol_5d stage=candidate evaluating candidate
2026-06-23 23:56:22,259 INFO factor_autoresearch.evaluate run=toolchain_v0_smoke candidate=fa_0027_body_over_range stage=candidate evaluating candidate
2026-06-23 23:56:30,177 INFO factor_autoresearch.evaluate run=toolchain_v0_smoke candidate=fa_0028_open_position_in_range stage=candidate evaluating candidate
2026-06-23 23:56:38,255 INFO factor_autoresearch.evaluate run=toolchain_v0_smoke candidate=fa_0029_volume_vs_20d_mean stage=candidate evaluating candidate
2026-06-23 23:56:46,733 INFO factor_autoresearch.evaluate run=toolchain_v0_smoke candidate=fa_0030_volume_rank_minus_price_rank stage=candidate evaluating candidate
2026-06-23 23:57:55,076 INFO factor_autoresearch.evaluate run=toolchain_v0_smoke candidate=- stage=batch evaluation batch completed
