2026-06-24 13:09:23,253 INFO factor_autoresearch.evaluate run=compute_engine_v1_legacy_final candidate=- stage=batch starting evaluation batch
2026-06-24 13:09:23,253 INFO factor_autoresearch.evaluate run=compute_engine_v1_legacy_final candidate=fa_0001_range_position stage=candidate evaluating candidate
2026-06-24 13:09:30,813 INFO factor_autoresearch.evaluate run=compute_engine_v1_legacy_final candidate=fa_0002_intraday_return stage=candidate evaluating candidate
2026-06-24 13:09:38,203 INFO factor_autoresearch.evaluate run=compute_engine_v1_legacy_final candidate=fa_0003_upper_shadow_pressure stage=candidate evaluating candidate
2026-06-24 13:09:45,719 INFO factor_autoresearch.evaluate run=compute_engine_v1_legacy_final candidate=fa_0004_lower_shadow_support stage=candidate evaluating candidate
2026-06-24 13:09:53,196 INFO factor_autoresearch.evaluate run=compute_engine_v1_legacy_final candidate=fa_0005_daily_range stage=candidate evaluating candidate
2026-06-24 13:10:00,764 INFO factor_autoresearch.evaluate run=compute_engine_v1_legacy_final candidate=fa_0006_open_gap_strength stage=candidate evaluating candidate
2026-06-24 13:10:08,398 INFO factor_autoresearch.evaluate run=compute_engine_v1_legacy_final candidate=fa_0007_open_gap_reversal stage=candidate evaluating candidate
2026-06-24 13:10:16,062 INFO factor_autoresearch.evaluate run=compute_engine_v1_legacy_final candidate=fa_0008_volume_change_3d stage=candidate evaluating candidate
2026-06-24 13:10:23,762 INFO factor_autoresearch.evaluate run=compute_engine_v1_legacy_final candidate=fa_0009_volume_change_5d stage=candidate evaluating candidate
2026-06-24 13:10:31,569 INFO factor_autoresearch.evaluate run=compute_engine_v1_legacy_final candidate=fa_0010_volume_volatility stage=candidate evaluating candidate
2026-06-24 13:10:39,471 INFO factor_autoresearch.evaluate run=compute_engine_v1_legacy_final candidate=fa_0011_log_volume stage=candidate evaluating candidate
2026-06-24 13:10:47,172 INFO factor_autoresearch.evaluate run=compute_engine_v1_legacy_final candidate=fa_0012_short_vs_long_volume stage=candidate evaluating candidate
2026-06-24 13:10:55,326 INFO factor_autoresearch.evaluate run=compute_engine_v1_legacy_final candidate=fa_0013_close_mom_3d stage=candidate evaluating candidate
2026-06-24 13:11:03,045 INFO factor_autoresearch.evaluate run=compute_engine_v1_legacy_final candidate=fa_0014_close_mom_5d stage=candidate evaluating candidate
2026-06-24 13:11:10,804 INFO factor_autoresearch.evaluate run=compute_engine_v1_legacy_final candidate=fa_0015_cross_sectional_mom_5d stage=candidate evaluating candidate
2026-06-24 13:11:18,654 INFO factor_autoresearch.evaluate run=compute_engine_v1_legacy_final candidate=fa_0016_time_rank_mom stage=candidate evaluating candidate
2026-06-24 13:11:58,388 INFO factor_autoresearch.evaluate run=compute_engine_v1_legacy_final candidate=fa_0017_mean_daily_return_5d stage=candidate evaluating candidate
2026-06-24 13:12:05,934 INFO factor_autoresearch.evaluate run=compute_engine_v1_legacy_final candidate=fa_0018_mean_daily_return_10d stage=candidate evaluating candidate
2026-06-24 13:12:13,427 INFO factor_autoresearch.evaluate run=compute_engine_v1_legacy_final candidate=fa_0019_reversal_3d stage=candidate evaluating candidate
2026-06-24 13:12:20,695 INFO factor_autoresearch.evaluate run=compute_engine_v1_legacy_final candidate=fa_0020_reversal_5d stage=candidate evaluating candidate
2026-06-24 13:12:28,185 INFO factor_autoresearch.evaluate run=compute_engine_v1_legacy_final candidate=fa_0021_daily_vol_5d stage=candidate evaluating candidate
2026-06-24 13:12:35,646 INFO factor_autoresearch.evaluate run=compute_engine_v1_legacy_final candidate=fa_0022_daily_vol_10d stage=candidate evaluating candidate
2026-06-24 13:12:43,119 INFO factor_autoresearch.evaluate run=compute_engine_v1_legacy_final candidate=fa_0023_range_vol_5d stage=candidate evaluating candidate
2026-06-24 13:12:50,504 INFO factor_autoresearch.evaluate run=compute_engine_v1_legacy_final candidate=fa_0024_range_mean_5d stage=candidate evaluating candidate
2026-06-24 13:12:57,988 INFO factor_autoresearch.evaluate run=compute_engine_v1_legacy_final candidate=fa_0025_gap_mean_5d stage=candidate evaluating candidate
2026-06-24 13:13:05,516 INFO factor_autoresearch.evaluate run=compute_engine_v1_legacy_final candidate=fa_0026_gap_vol_5d stage=candidate evaluating candidate
2026-06-24 13:13:13,013 INFO factor_autoresearch.evaluate run=compute_engine_v1_legacy_final candidate=fa_0027_body_over_range stage=candidate evaluating candidate
2026-06-24 13:13:20,424 INFO factor_autoresearch.evaluate run=compute_engine_v1_legacy_final candidate=fa_0028_open_position_in_range stage=candidate evaluating candidate
2026-06-24 13:13:27,765 INFO factor_autoresearch.evaluate run=compute_engine_v1_legacy_final candidate=fa_0029_volume_vs_20d_mean stage=candidate evaluating candidate
2026-06-24 13:13:35,441 INFO factor_autoresearch.evaluate run=compute_engine_v1_legacy_final candidate=fa_0030_volume_rank_minus_price_rank stage=candidate evaluating candidate
2026-06-24 13:14:48,372 INFO factor_autoresearch.evaluate run=compute_engine_v1_legacy_final candidate=- stage=batch evaluation batch completed
